<?xml version="1.0" encoding="UTF-8"?>
<!-- Generated by org.testng.reporters.JUnitReportReporter -->
<testsuite hostname="jyotsanas-MacBook-Pro.local" failures="0" tests="1" name="com.agrichain.Runner" time="257.495" errors="0" timestamp="2023-05-14T00:09:28 GMT-07:00" skipped="0">
  <testcase classname="com.agrichain.Runner" name="testSuite" time="257.495"/>
  <system-out/>
</testsuite> <!-- com.agrichain.Runner -->
